running egg_info
creating ../../build/Collaborate_mapping/Collaborate_mapping.egg-info
writing ../../build/Collaborate_mapping/Collaborate_mapping.egg-info/PKG-INFO
writing dependency_links to ../../build/Collaborate_mapping/Collaborate_mapping.egg-info/dependency_links.txt
writing entry points to ../../build/Collaborate_mapping/Collaborate_mapping.egg-info/entry_points.txt
writing requirements to ../../build/Collaborate_mapping/Collaborate_mapping.egg-info/requires.txt
writing top-level names to ../../build/Collaborate_mapping/Collaborate_mapping.egg-info/top_level.txt
writing manifest file '../../build/Collaborate_mapping/Collaborate_mapping.egg-info/SOURCES.txt'
reading manifest file '../../build/Collaborate_mapping/Collaborate_mapping.egg-info/SOURCES.txt'
writing manifest file '../../build/Collaborate_mapping/Collaborate_mapping.egg-info/SOURCES.txt'
running build
running build_py
creating /home/endeleze/Desktop/ros2/UNav_ws/build/Collaborate_mapping/build
creating /home/endeleze/Desktop/ros2/UNav_ws/build/Collaborate_mapping/build/lib
creating /home/endeleze/Desktop/ros2/UNav_ws/build/Collaborate_mapping/build/lib/Collaborate_mapping
copying Collaborate_mapping/Image_collector.py -> /home/endeleze/Desktop/ros2/UNav_ws/build/Collaborate_mapping/build/lib/Collaborate_mapping
copying Collaborate_mapping/map_information.py -> /home/endeleze/Desktop/ros2/UNav_ws/build/Collaborate_mapping/build/lib/Collaborate_mapping
copying Collaborate_mapping/Image_replacer.py -> /home/endeleze/Desktop/ros2/UNav_ws/build/Collaborate_mapping/build/lib/Collaborate_mapping
copying Collaborate_mapping/agent_client.py -> /home/endeleze/Desktop/ros2/UNav_ws/build/Collaborate_mapping/build/lib/Collaborate_mapping
copying Collaborate_mapping/map_server.py -> /home/endeleze/Desktop/ros2/UNav_ws/build/Collaborate_mapping/build/lib/Collaborate_mapping
copying Collaborate_mapping/__init__.py -> /home/endeleze/Desktop/ros2/UNav_ws/build/Collaborate_mapping/build/lib/Collaborate_mapping
running install
running install_lib
creating /home/endeleze/Desktop/ros2/UNav_ws/install/Collaborate_mapping/lib/python3.8/site-packages/Collaborate_mapping
copying /home/endeleze/Desktop/ros2/UNav_ws/build/Collaborate_mapping/build/lib/Collaborate_mapping/Image_collector.py -> /home/endeleze/Desktop/ros2/UNav_ws/install/Collaborate_mapping/lib/python3.8/site-packages/Collaborate_mapping
copying /home/endeleze/Desktop/ros2/UNav_ws/build/Collaborate_mapping/build/lib/Collaborate_mapping/map_information.py -> /home/endeleze/Desktop/ros2/UNav_ws/install/Collaborate_mapping/lib/python3.8/site-packages/Collaborate_mapping
copying /home/endeleze/Desktop/ros2/UNav_ws/build/Collaborate_mapping/build/lib/Collaborate_mapping/Image_replacer.py -> /home/endeleze/Desktop/ros2/UNav_ws/install/Collaborate_mapping/lib/python3.8/site-packages/Collaborate_mapping
copying /home/endeleze/Desktop/ros2/UNav_ws/build/Collaborate_mapping/build/lib/Collaborate_mapping/agent_client.py -> /home/endeleze/Desktop/ros2/UNav_ws/install/Collaborate_mapping/lib/python3.8/site-packages/Collaborate_mapping
copying /home/endeleze/Desktop/ros2/UNav_ws/build/Collaborate_mapping/build/lib/Collaborate_mapping/map_server.py -> /home/endeleze/Desktop/ros2/UNav_ws/install/Collaborate_mapping/lib/python3.8/site-packages/Collaborate_mapping
copying /home/endeleze/Desktop/ros2/UNav_ws/build/Collaborate_mapping/build/lib/Collaborate_mapping/__init__.py -> /home/endeleze/Desktop/ros2/UNav_ws/install/Collaborate_mapping/lib/python3.8/site-packages/Collaborate_mapping
byte-compiling /home/endeleze/Desktop/ros2/UNav_ws/install/Collaborate_mapping/lib/python3.8/site-packages/Collaborate_mapping/Image_collector.py to Image_collector.cpython-38.pyc
byte-compiling /home/endeleze/Desktop/ros2/UNav_ws/install/Collaborate_mapping/lib/python3.8/site-packages/Collaborate_mapping/map_information.py to map_information.cpython-38.pyc
byte-compiling /home/endeleze/Desktop/ros2/UNav_ws/install/Collaborate_mapping/lib/python3.8/site-packages/Collaborate_mapping/Image_replacer.py to Image_replacer.cpython-38.pyc
byte-compiling /home/endeleze/Desktop/ros2/UNav_ws/install/Collaborate_mapping/lib/python3.8/site-packages/Collaborate_mapping/agent_client.py to agent_client.cpython-38.pyc
byte-compiling /home/endeleze/Desktop/ros2/UNav_ws/install/Collaborate_mapping/lib/python3.8/site-packages/Collaborate_mapping/map_server.py to map_server.cpython-38.pyc
byte-compiling /home/endeleze/Desktop/ros2/UNav_ws/install/Collaborate_mapping/lib/python3.8/site-packages/Collaborate_mapping/__init__.py to __init__.cpython-38.pyc
running install_data
creating /home/endeleze/Desktop/ros2/UNav_ws/install/Collaborate_mapping/share/ament_index
creating /home/endeleze/Desktop/ros2/UNav_ws/install/Collaborate_mapping/share/ament_index/resource_index
creating /home/endeleze/Desktop/ros2/UNav_ws/install/Collaborate_mapping/share/ament_index/resource_index/packages
copying resource/Collaborate_mapping -> /home/endeleze/Desktop/ros2/UNav_ws/install/Collaborate_mapping/share/ament_index/resource_index/packages
copying package.xml -> /home/endeleze/Desktop/ros2/UNav_ws/install/Collaborate_mapping/share/Collaborate_mapping
running install_egg_info
Copying ../../build/Collaborate_mapping/Collaborate_mapping.egg-info to /home/endeleze/Desktop/ros2/UNav_ws/install/Collaborate_mapping/lib/python3.8/site-packages/Collaborate_mapping-0.0.0-py3.8.egg-info
running install_scripts
Installing client script to /home/endeleze/Desktop/ros2/UNav_ws/install/Collaborate_mapping/lib/Collaborate_mapping
Installing server script to /home/endeleze/Desktop/ros2/UNav_ws/install/Collaborate_mapping/lib/Collaborate_mapping
writing list of installed files to '/home/endeleze/Desktop/ros2/UNav_ws/build/Collaborate_mapping/install.log'
