[0.259s] Invoking command in '/home/endeleze/Desktop/ros2/UNav_ws/src/Collaborate_mapping': CONDA_PROMPT_MODIFIER=(base) PYTHONPATH=/home/endeleze/Desktop/ros2/UNav_ws/build/Collaborate_mapping/prefix_override:/home/endeleze/Desktop/ros2/UNav_ws/install/Collaborate_mapping/lib/python3.8/site-packages:${PYTHONPATH} /usr/bin/python3 setup.py egg_info --egg-base ../../build/Collaborate_mapping build --build-base /home/endeleze/Desktop/ros2/UNav_ws/build/Collaborate_mapping/build install --record /home/endeleze/Desktop/ros2/UNav_ws/build/Collaborate_mapping/install.log --install-scripts $base/lib/Collaborate_mapping --single-version-externally-managed
[0.348s] running egg_info
[0.348s] writing ../../build/Collaborate_mapping/Collaborate_mapping.egg-info/PKG-INFO
[0.348s] writing dependency_links to ../../build/Collaborate_mapping/Collaborate_mapping.egg-info/dependency_links.txt
[0.348s] writing entry points to ../../build/Collaborate_mapping/Collaborate_mapping.egg-info/entry_points.txt
[0.348s] writing requirements to ../../build/Collaborate_mapping/Collaborate_mapping.egg-info/requires.txt
[0.348s] writing top-level names to ../../build/Collaborate_mapping/Collaborate_mapping.egg-info/top_level.txt
[0.362s] reading manifest file '../../build/Collaborate_mapping/Collaborate_mapping.egg-info/SOURCES.txt'
[0.362s] writing manifest file '../../build/Collaborate_mapping/Collaborate_mapping.egg-info/SOURCES.txt'
[0.362s] running build
[0.362s] running build_py
[0.363s] copying Collaborate_mapping/multi_dog_composition.py -> /home/endeleze/Desktop/ros2/UNav_ws/build/Collaborate_mapping/build/lib/Collaborate_mapping
[0.363s] running install
[0.363s] running install_lib
[0.363s] copying /home/endeleze/Desktop/ros2/UNav_ws/build/Collaborate_mapping/build/lib/Collaborate_mapping/multi_dog_composition.py -> /home/endeleze/Desktop/ros2/UNav_ws/install/Collaborate_mapping/lib/python3.8/site-packages/Collaborate_mapping
[0.364s] byte-compiling /home/endeleze/Desktop/ros2/UNav_ws/install/Collaborate_mapping/lib/python3.8/site-packages/Collaborate_mapping/multi_dog_composition.py to multi_dog_composition.cpython-38.pyc
[0.364s] running install_data
[0.364s] running install_egg_info
[0.365s] removing '/home/endeleze/Desktop/ros2/UNav_ws/install/Collaborate_mapping/lib/python3.8/site-packages/Collaborate_mapping-0.0.0-py3.8.egg-info' (and everything under it)
[0.365s] Copying ../../build/Collaborate_mapping/Collaborate_mapping.egg-info to /home/endeleze/Desktop/ros2/UNav_ws/install/Collaborate_mapping/lib/python3.8/site-packages/Collaborate_mapping-0.0.0-py3.8.egg-info
[0.365s] running install_scripts
[0.372s] Installing client script to /home/endeleze/Desktop/ros2/UNav_ws/install/Collaborate_mapping/lib/Collaborate_mapping
[0.372s] Installing multi_dog_composition script to /home/endeleze/Desktop/ros2/UNav_ws/install/Collaborate_mapping/lib/Collaborate_mapping
[0.372s] Installing server script to /home/endeleze/Desktop/ros2/UNav_ws/install/Collaborate_mapping/lib/Collaborate_mapping
[0.373s] writing list of installed files to '/home/endeleze/Desktop/ros2/UNav_ws/build/Collaborate_mapping/install.log'
[0.383s] Invoked command in '/home/endeleze/Desktop/ros2/UNav_ws/src/Collaborate_mapping' returned '0': CONDA_PROMPT_MODIFIER=(base) PYTHONPATH=/home/endeleze/Desktop/ros2/UNav_ws/build/Collaborate_mapping/prefix_override:/home/endeleze/Desktop/ros2/UNav_ws/install/Collaborate_mapping/lib/python3.8/site-packages:${PYTHONPATH} /usr/bin/python3 setup.py egg_info --egg-base ../../build/Collaborate_mapping build --build-base /home/endeleze/Desktop/ros2/UNav_ws/build/Collaborate_mapping/build install --record /home/endeleze/Desktop/ros2/UNav_ws/build/Collaborate_mapping/install.log --install-scripts $base/lib/Collaborate_mapping --single-version-externally-managed
